<?xml version="1.0" encoding="utf-8"?><testsuites name="pytest tests"><testsuite name="pytest" errors="0" failures="2" skipped="0" tests="16" time="13.811" timestamp="2026-04-28T00:59:07.279986+00:00" hostname="agent-env-df5828b1-a7f3-426c-8247-d8cc6deaaa70"><testcase classname="backend.tests.test_cm_services" name="test_login_returns_jwt" time="0.943" /><testcase classname="backend.tests.test_cm_services" name="test_list_services_tenant_scoped" time="1.067" /><testcase classname="backend.tests.test_cm_services" name="test_list_services_include_inactive" time="0.637" /><testcase classname="backend.tests.test_cm_services" name="test_list_industries" time="0.229" /><testcase classname="backend.tests.test_cm_services" name="test_create_service" time="0.521" /><testcase classname="backend.tests.test_cm_services" name="test_create_duplicate_service_returns_400" time="0.496" /><testcase classname="backend.tests.test_cm_services" name="test_update_service" time="0.495" /><testcase classname="backend.tests.test_cm_services" name="test_soft_delete_service" time="1.870" /><testcase classname="backend.tests.test_cm_services" name="test_hard_delete_referenced_service_rejected" time="1.900" /><testcase classname="backend.tests.test_cm_services" name="test_seed_defaults_idempotent" time="1.331" /><testcase classname="backend.tests.test_cm_services" name="test_jobs_enriched_with_service_fields" time="0.356" /><testcase classname="backend.tests.test_cm_services" name="test_create_job_with_service_and_update_and_clear" time="0.980"><failure message="AssertionError: {&quot;detail&quot;:&quot;Invalid status&quot;}&#10;assert 400 in (200, 201)&#10; +  where 400 = &lt;Response [400]&gt;.status_code">backend/tests/test_cm_services.py:229: in test_create_job_with_service_and_update_and_clear
    assert r.status_code in (200, 201), r.text
E   AssertionError: {"detail":"Invalid status"}
E   assert 400 in (200, 201)
E    +  where 400 = &lt;Response [400]&gt;.status_code</failure></testcase><testcase classname="backend.tests.test_cm_services" name="test_visits_enriched_and_fallback" time="0.570"><failure message="AssertionError: {&quot;detail&quot;:&quot;Invalid status&quot;}&#10;assert 400 in (200, 201)&#10; +  where 400 = &lt;Response [400]&gt;.status_code">backend/tests/test_cm_services.py:262: in test_visits_enriched_and_fallback
    assert jr.status_code in (200, 201), jr.text
E   AssertionError: {"detail":"Invalid status"}
E   assert 400 in (200, 201)
E    +  where 400 = &lt;Response [400]&gt;.status_code</failure></testcase><testcase classname="backend.tests.test_cm_services" name="test_cross_tenant_service_isolation" time="0.238" /><testcase classname="backend.tests.test_cm_services" name="test_public_tracker_no_service_leak" time="0.480" /><testcase classname="backend.tests.test_cm_services" name="test_zz_cleanup_created_services" time="1.596" /></testsuite></testsuites>