<?xml version="1.0" encoding="utf-8"?><testsuites name="pytest tests"><testsuite name="pytest" errors="0" failures="0" skipped="0" tests="14" time="8.675" timestamp="2026-04-25T14:12:38.747414+00:00" hostname="agent-env-e839b8ce-2b27-41ad-8bbc-fe25e084cf81"><testcase classname="backend.tests.test_create_territory_reservation.TestValidation" name="test_missing_category_returns_422" time="0.392" /><testcase classname="backend.tests.test_create_territory_reservation.TestValidation" name="test_empty_category_returns_400" time="0.117" /><testcase classname="backend.tests.test_create_territory_reservation.TestValidation" name="test_unknown_category_returns_400" time="0.257" /><testcase classname="backend.tests.test_create_territory_reservation.TestCreateReservation" name="test_create_sets_status_reserved_and_reserved_at" time="0.850" /><testcase classname="backend.tests.test_create_territory_reservation.TestCreateReservation" name="test_create_does_not_modify_default_rows" time="0.315" /><testcase classname="backend.tests.test_create_territory_reservation.TestRegionColorsStatus" name="test_region_colors_with_category_includes_status" time="0.282" /><testcase classname="backend.tests.test_create_territory_reservation.TestRegionColorsStatus" name="test_region_colors_without_category_returns_defaults_only" time="0.244" /><testcase classname="backend.tests.test_create_territory_reservation.TestConfirmTerritory" name="test_confirm_changes_status_to_confirmed" time="0.935" /><testcase classname="backend.tests.test_create_territory_reservation.TestConfirmTerritory" name="test_confirm_already_confirmed_returns_400" time="0.878" /><testcase classname="backend.tests.test_create_territory_reservation.TestConfirmTerritory" name="test_confirm_unknown_region_returns_404" time="0.166" /><testcase classname="backend.tests.test_create_territory_reservation.TestReleaseTerritory" name="test_release_reserved_deletes_region_and_rows" time="1.092" /><testcase classname="backend.tests.test_create_territory_reservation.TestReleaseTerritory" name="test_release_confirmed_returns_400" time="0.903" /><testcase classname="backend.tests.test_create_territory_reservation.TestReleaseTerritory" name="test_release_unknown_region_returns_404" time="0.154" /><testcase classname="backend.tests.test_create_territory_reservation.TestReleaseTerritory" name="test_release_does_not_touch_default_rows" time="2.014" /></testsuite></testsuites>