<?xml version="1.0" encoding="utf-8"?><testsuites name="pytest tests"><testsuite name="pytest" errors="0" failures="0" skipped="0" tests="17" time="5.210" timestamp="2026-04-01T09:33:11.721882+00:00" hostname="agent-env-e839b8ce-2b27-41ad-8bbc-fe25e084cf81"><testcase classname="backend.tests.test_categories_and_fallback.TestCategoriesEndpoint" name="test_categories_endpoint_returns_200" time="0.494" /><testcase classname="backend.tests.test_categories_and_fallback.TestCategoriesEndpoint" name="test_categories_returns_categories_list" time="0.278" /><testcase classname="backend.tests.test_categories_and_fallback.TestCategoriesEndpoint" name="test_categories_contains_expected_industries" time="0.259" /><testcase classname="backend.tests.test_categories_and_fallback.TestCategoriesEndpoint" name="test_categories_have_types_with_pricing" time="0.254" /><testcase classname="backend.tests.test_categories_and_fallback.TestCategoriesEndpoint" name="test_plumber_pricing_structure" time="0.266" /><testcase classname="backend.tests.test_categories_and_fallback.TestCategoriesEndpoint" name="test_electricians_pricing_structure" time="0.273" /><testcase classname="backend.tests.test_categories_and_fallback.TestTerritoryPricingWithFallback" name="test_jackson_electricians_medium_returns_territory_price" time="0.372" /><testcase classname="backend.tests.test_categories_and_fallback.TestTerritoryPricingWithFallback" name="test_electricians_small_fallback_returns_220" time="0.360" /><testcase classname="backend.tests.test_categories_and_fallback.TestTerritoryPricingWithFallback" name="test_plumber_medium_union_returns_territory_price" time="0.318" /><testcase classname="backend.tests.test_categories_and_fallback.TestTerritoryPricingWithFallback" name="test_plumber_medium_other_counties_returns_fallback" time="0.286" /><testcase classname="backend.tests.test_categories_and_fallback.TestTerritoryPricingWithFallback" name="test_mixed_territory_and_fallback_pricing" time="0.304" /><testcase classname="backend.tests.test_categories_and_fallback.TestTerritoryPricingWithFallback" name="test_without_category_type_no_fallback" time="0.177" /><testcase classname="backend.tests.test_categories_and_fallback.TestTerritoryPricingWithFallback" name="test_pest_control_small_fallback" time="0.306" /><testcase classname="backend.tests.test_categories_and_fallback.TestTerritoryPricingWithFallback" name="test_well_septic_large_fallback" time="0.332" /><testcase classname="backend.tests.test_categories_and_fallback.TestTierToCategoryTypeMapping" name="test_small_standard_tier_uses_small_type" time="0.286" /><testcase classname="backend.tests.test_categories_and_fallback.TestTierToCategoryTypeMapping" name="test_small_premium_tier_uses_medium_type" time="0.288" /><testcase classname="backend.tests.test_categories_and_fallback.TestTierToCategoryTypeMapping" name="test_large_full_tier_uses_large_type" time="0.303" /></testsuite></testsuites>