<?xml version="1.0" encoding="utf-8"?><testsuites name="pytest tests"><testsuite name="pytest" errors="0" failures="1" skipped="0" tests="10" time="1.931" timestamp="2026-04-01T06:08:39.014202+00:00" hostname="agent-env-e839b8ce-2b27-41ad-8bbc-fe25e084cf81"><testcase classname="tests.test_territory_pricing.TestTerritoryPricingAPI" name="test_jackson_electricians_returns_500" time="0.239" /><testcase classname="tests.test_territory_pricing.TestTerritoryPricingAPI" name="test_union_plumbers_returns_255" time="0.208" /><testcase classname="tests.test_territory_pricing.TestTerritoryPricingAPI" name="test_alachua_mechanic_returns_12000" time="0.243" /><testcase classname="tests.test_territory_pricing.TestTerritoryPricingAPI" name="test_county_without_pricing_returns_null" time="0.237" /><testcase classname="tests.test_territory_pricing.TestTerritoryPricingAPI" name="test_multiple_counties_mixed_pricing" time="0.193" /><testcase classname="tests.test_territory_pricing.TestTerritoryPricingAPI" name="test_empty_counties_returns_empty_prices" time="0.114" /><testcase classname="tests.test_territory_pricing.TestTerritoryPricingAPI" name="test_empty_category_returns_empty_prices" time="0.100" /><testcase classname="tests.test_territory_pricing.TestTerritoryPricingAPI" name="test_case_insensitive_category_matching" time="0.209" /><testcase classname="tests.test_territory_pricing.TestTerritoryPricingAPI" name="test_plural_category_matching" time="0.190" /><testcase classname="tests.test_territory_pricing.TestHealthCheck" name="test_api_is_accessible" time="0.123"><failure message="AssertionError: Health check failed with status 404&#10;assert 404 == 200&#10; +  where 404 = &lt;Response [404]&gt;.status_code">tests/test_territory_pricing.py:159: in test_api_is_accessible
    assert response.status_code == 200, f"Health check failed with status {response.status_code}"
E   AssertionError: Health check failed with status 404
E   assert 404 == 200
E    +  where 404 = &lt;Response [404]&gt;.status_code</failure></testcase></testsuite></testsuites>