<?xml version="1.0" encoding="utf-8"?><testsuites name="pytest tests"><testsuite name="pytest" errors="0" failures="0" skipped="0" tests="18" time="4.071" timestamp="2026-04-01T09:46:38.983815+00:00" hostname="agent-env-e839b8ce-2b27-41ad-8bbc-fe25e084cf81"><testcase classname="backend.tests.test_territory_pricing_804.TestElectriciansPricing" name="test_electricians_small_returns_220_for_all_counties" time="0.296" /><testcase classname="backend.tests.test_territory_pricing_804.TestElectriciansPricing" name="test_electricians_medium_returns_480" time="0.235" /><testcase classname="backend.tests.test_territory_pricing_804.TestElectriciansPricing" name="test_electricians_large_returns_950" time="0.234" /><testcase classname="backend.tests.test_territory_pricing_804.TestPlumberPricing" name="test_plumber_small_returns_200" time="0.239" /><testcase classname="backend.tests.test_territory_pricing_804.TestPlumberPricing" name="test_plumber_medium_returns_450" time="0.241" /><testcase classname="backend.tests.test_territory_pricing_804.TestPlumberPricing" name="test_plumber_large_returns_900" time="0.275" /><testcase classname="backend.tests.test_territory_pricing_804.TestPestControlPricing" name="test_pest_control_small_returns_180" time="0.213" /><testcase classname="backend.tests.test_territory_pricing_804.TestPestControlPricing" name="test_pest_control_medium_returns_400" time="0.211" /><testcase classname="backend.tests.test_territory_pricing_804.TestPestControlPricing" name="test_pest_control_large_returns_850" time="0.232" /><testcase classname="backend.tests.test_territory_pricing_804.TestWellSepticPricing" name="test_well_septic_small_returns_250" time="0.262" /><testcase classname="backend.tests.test_territory_pricing_804.TestWellSepticPricing" name="test_well_septic_medium_returns_500" time="0.199" /><testcase classname="backend.tests.test_territory_pricing_804.TestWellSepticPricing" name="test_well_septic_large_returns_1000" time="0.195" /><testcase classname="backend.tests.test_territory_pricing_804.TestCategoriesEndpoint" name="test_categories_returns_4_categories" time="0.272" /><testcase classname="backend.tests.test_territory_pricing_804.TestCategoriesEndpoint" name="test_each_category_has_3_types" time="0.238" /><testcase classname="backend.tests.test_territory_pricing_804.TestCategoryNormalization" name="test_plumbers_plural_works" time="0.179" /><testcase classname="backend.tests.test_territory_pricing_804.TestCategoryNormalization" name="test_electrician_singular_works" time="0.203" /><testcase classname="backend.tests.test_territory_pricing_804.TestEmptyAndInvalidRequests" name="test_empty_counties_returns_empty_prices" time="0.098" /><testcase classname="backend.tests.test_territory_pricing_804.TestEmptyAndInvalidRequests" name="test_invalid_category_returns_null_prices" time="0.172" /></testsuite></testsuites>